<?xml version="1.0" encoding="UTF-8"?>
<testng-results ignored="0" total="1" passed="1" failed="0" skipped="0">
  <reporter-output>
  </reporter-output>
  <suite started-at="2023-05-29T13:16:16 IST" name="Default suite" finished-at="2023-05-29T13:16:34 IST" duration-ms="17695">
    <groups>
    </groups>
    <test started-at="2023-05-29T13:16:16 IST" name="Default test" finished-at="2023-05-29T13:16:34 IST" duration-ms="17695">
      <class name="Testcases.CreateLead">
        <test-method is-config="true" signature="preCondition()[pri:0, instance:Testcases.CreateLead@4f18837a]" started-at="2023-05-29T13:16:16 IST" name="preCondition" finished-at="2023-05-29T13:16:21 IST" duration-ms="5316" status="PASS">
          <reporter-output>
          </reporter-output>
        </test-method> <!-- preCondition -->
        <test-method signature="runCreateLead()[pri:0, instance:Testcases.CreateLead@4f18837a]" started-at="2023-05-29T13:16:21 IST" name="runCreateLead" finished-at="2023-05-29T13:16:33 IST" duration-ms="12119" status="PASS">
          <reporter-output>
          </reporter-output>
        </test-method> <!-- runCreateLead -->
        <test-method is-config="true" signature="postCondition()[pri:0, instance:Testcases.CreateLead@4f18837a]" started-at="2023-05-29T13:16:33 IST" name="postCondition" finished-at="2023-05-29T13:16:34 IST" duration-ms="233" status="PASS">
          <reporter-output>
          </reporter-output>
        </test-method> <!-- postCondition -->
      </class> <!-- Testcases.CreateLead -->
    </test> <!-- Default test -->
  </suite> <!-- Default suite -->
</testng-results>
